This file contains any messages produced by compilers while
running configure, to aid debugging if configure makes a mistake.

It was created by configure, which was
generated by GNU Autoconf 2.63.  Invocation command line was

  $ ./configure 

## --------- ##
## Platform. ##
## --------- ##

hostname = ubuntu
uname -m = x86_64
uname -r = 3.16.0-30-generic
uname -s = Linux
uname -v = #40~14.04.1-Ubuntu SMP Thu Jan 15 17:43:14 UTC 2015

/usr/bin/uname -p = unknown
/bin/uname -X     = unknown

/bin/arch              = unknown
/usr/bin/arch -k       = unknown
/usr/convex/getsysinfo = unknown
/usr/bin/hostinfo      = unknown
/bin/machine           = unknown
/usr/bin/oslevel       = unknown
/bin/universe          = unknown

PATH: /usr/local/sbin
PATH: /usr/local/bin
PATH: /usr/sbin
PATH: /usr/bin
PATH: /sbin
PATH: /bin
PATH: /usr/games
PATH: /usr/local/games
PATH: /home/network/bin
PATH: /usr/local/java/jre1.8.0_45/bin
PATH: /home/network/bin
PATH: /usr/local/jmeter/apache-jmeter-2.13/bin


## ----------- ##
## Core tests. ##
## ----------- ##

configure:1797: checking for gcc
configure:1813: found /usr/bin/gcc
configure:1824: result: gcc
configure:2056: checking for C compiler version
configure:2064: gcc --version >&5
gcc (Ubuntu 4.8.4-2ubuntu1~14.04) 4.8.4
Copyright (C) 2013 Free Software Foundation, Inc.
This is free software; see the source for copying conditions.  There is NO
warranty; not even for MERCHANTABILITY or FITNESS FOR A PARTICULAR PURPOSE.

configure:2068: $? = 0
configure:2075: gcc -v >&5
Using built-in specs.
COLLECT_GCC=gcc
COLLECT_LTO_WRAPPER=/usr/lib/gcc/x86_64-linux-gnu/4.8/lto-wrapper
Target: x86_64-linux-gnu
Configured with: ../src/configure -v --with-pkgversion='Ubuntu 4.8.4-2ubuntu1~14.04' --with-bugurl=file:///usr/share/doc/gcc-4.8/README.Bugs --enable-languages=c,c++,java,go,d,fortran,objc,obj-c++ --prefix=/usr --program-suffix=-4.8 --enable-shared --enable-linker-build-id --libexecdir=/usr/lib --without-included-gettext --enable-threads=posix --with-gxx-include-dir=/usr/include/c++/4.8 --libdir=/usr/lib --enable-nls --with-sysroot=/ --enable-clocale=gnu --enable-libstdcxx-debug --enable-libstdcxx-time=yes --enable-gnu-unique-object --disable-libmudflap --enable-plugin --with-system-zlib --disable-browser-plugin --enable-java-awt=gtk --enable-gtk-cairo --with-java-home=/usr/lib/jvm/java-1.5.0-gcj-4.8-amd64/jre --enable-java-home --with-jvm-root-dir=/usr/lib/jvm/java-1.5.0-gcj-4.8-amd64 --with-jvm-jar-dir=/usr/lib/jvm-exports/java-1.5.0-gcj-4.8-amd64 --with-arch-directory=amd64 --with-ecj-jar=/usr/share/java/eclipse-ecj.jar --enable-objc-gc --enable-multiarch --disable-werror --with-arch-32=i686 --with-abi=m64 --with-multilib-list=m32,m64,mx32 --with-tune=generic --enable-checking=release --build=x86_64-linux-gnu --host=x86_64-linux-gnu --target=x86_64-linux-gnu
Thread model: posix
gcc version 4.8.4 (Ubuntu 4.8.4-2ubuntu1~14.04) 
configure:2079: $? = 0
configure:2086: gcc -V >&5
gcc: error: unrecognized command line option '-V'
gcc: fatal error: no input files
compilation terminated.
configure:2090: $? = 4
configure:2113: checking for C compiler default output file name
configure:2135: gcc    conftest.c  >&5
configure:2139: $? = 0
configure:2177: result: a.out
configure:2196: checking whether the C compiler works
configure:2206: ./a.out
configure:2210: $? = 0
configure:2229: result: yes
configure:2236: checking whether we are cross compiling
configure:2238: result: no
configure:2241: checking for suffix of executables
configure:2248: gcc -o conftest    conftest.c  >&5
configure:2252: $? = 0
configure:2278: result: 
configure:2284: checking for suffix of object files
configure:2310: gcc -c   conftest.c >&5
configure:2314: $? = 0
configure:2339: result: o
configure:2343: checking whether we are using the GNU C compiler
configure:2372: gcc -c   conftest.c >&5
configure:2379: $? = 0
configure:2396: result: yes
configure:2405: checking whether gcc accepts -g
configure:2435: gcc -c -g  conftest.c >&5
configure:2442: $? = 0
configure:2543: result: yes
configure:2560: checking for gcc option to accept ISO C89
configure:2634: gcc  -c -g -O2  conftest.c >&5
configure:2641: $? = 0
configure:2664: result: none needed
configure:2727: checking for a BSD-compatible install
configure:2795: result: /usr/bin/install -c
configure:2849: checking for ranlib
configure:2865: found /usr/bin/ranlib
configure:2876: result: ranlib
configure:2900: checking for inline
configure:2926: gcc -c -g -O2  conftest.c >&5
configure:2933: $? = 0
configure:2951: result: inline
configure:2976: checking for socket in -lsocket
configure:3011: gcc -o conftest -g -O2   conftest.c -lsocket   >&5
/usr/bin/ld: cannot find -lsocket
collect2: error: ld returned 1 exit status
configure:3018: $? = 1
configure: failed program was:
| /* confdefs.h.  */
| #define PACKAGE_NAME ""
| #define PACKAGE_TARNAME ""
| #define PACKAGE_VERSION ""
| #define PACKAGE_STRING ""
| #define PACKAGE_BUGREPORT ""
| /* end confdefs.h.  */
| 
| /* Override any GCC internal prototype to avoid an error.
|    Use char because int might match the return type of a GCC
|    builtin and then its argument prototype would still apply.  */
| #ifdef __cplusplus
| extern "C"
| #endif
| char socket ();
| int
| main ()
| {
| return socket ();
|   ;
|   return 0;
| }
configure:3039: result: no
configure:3051: checking for inet_ntoa in -lnsl
configure:3086: gcc -o conftest -g -O2   conftest.c -lnsl   >&5
configure:3093: $? = 0
configure:3114: result: yes
configure:3128: checking for isc-config.sh
configure:3146: found /usr/bin/isc-config.sh
configure:3159: result: /usr/bin/isc-config.sh
configure:3177: checking for socklen_t
configure:3205: gcc -c -g -O2  conftest.c >&5
configure:3212: $? = 0
configure:3228: result: yes
configure:3237: checking for sa_len
configure:3265: gcc -c -g -O2  conftest.c >&5
conftest.c: In function 'main':
conftest.c:14:23: error: 'struct sockaddr' has no member named 'sa_len'
 struct sockaddr sa; sa.sa_len = 0;
                       ^
configure:3272: $? = 1
configure: failed program was:
| /* confdefs.h.  */
| #define PACKAGE_NAME ""
| #define PACKAGE_TARNAME ""
| #define PACKAGE_VERSION ""
| #define PACKAGE_STRING ""
| #define PACKAGE_BUGREPORT ""
| #define HAVE_LIBNSL 1
| /* end confdefs.h.  */
| #include <sys/types.h>
|    #include <sys/socket.h>
| int
| main ()
| {
| struct sockaddr sa; sa.sa_len = 0;
|   ;
|   return 0;
| }
configure:3288: result: no
configure:3304: checking build system type
configure:3322: result: x86_64-unknown-linux-gnu
configure:3344: checking host system type
configure:3359: result: x86_64-unknown-linux-gnu
configure:3577: checking for the pthreads library -lpthreads
configure:3620: gcc -o conftest -g -O2    conftest.c -lpthreads -lnsl  >&5
conftest.c: In function 'main':
conftest.c:14:22: warning: null argument where non-null required (argument 1) [-Wnonnull]
                      pthread_attr_init(0); pthread_cleanup_push(0, 0);
                      ^
conftest.c:15:22: warning: null argument where non-null required (argument 1) [-Wnonnull]
                      pthread_create(0,0,0,0); pthread_cleanup_pop(0);
                      ^
conftest.c:15:22: warning: null argument where non-null required (argument 3) [-Wnonnull]
/usr/bin/ld: cannot find -lpthreads
collect2: error: ld returned 1 exit status
configure:3627: $? = 1
configure: failed program was:
| /* confdefs.h.  */
| #define PACKAGE_NAME ""
| #define PACKAGE_TARNAME ""
| #define PACKAGE_VERSION ""
| #define PACKAGE_STRING ""
| #define PACKAGE_BUGREPORT ""
| #define HAVE_LIBNSL 1
| /* end confdefs.h.  */
| #include <pthread.h>
| int
| main ()
| {
| pthread_t th; pthread_join(th, 0);
|                      pthread_attr_init(0); pthread_cleanup_push(0, 0);
|                      pthread_create(0,0,0,0); pthread_cleanup_pop(0);
|   ;
|   return 0;
| }
configure:3650: result: no
configure:3522: checking whether pthreads work without any flags
configure:3620: gcc -o conftest -g -O2    conftest.c  -lnsl  >&5
conftest.c: In function 'main':
conftest.c:14:22: warning: null argument where non-null required (argument 1) [-Wnonnull]
                      pthread_attr_init(0); pthread_cleanup_push(0, 0);
                      ^
conftest.c:15:22: warning: null argument where non-null required (argument 1) [-Wnonnull]
                      pthread_create(0,0,0,0); pthread_cleanup_pop(0);
                      ^
conftest.c:15:22: warning: null argument where non-null required (argument 3) [-Wnonnull]
/tmp/cc3mWXSs.o: In function `main':
/home/network/DNSSECLoadTesting/dnssecserver/setup/dnsperf-src-2.0.0.0-1/conftest.c:13: undefined reference to `pthread_join'
/home/network/DNSSECLoadTesting/dnssecserver/setup/dnsperf-src-2.0.0.0-1/conftest.c:14: undefined reference to `__pthread_register_cancel'
/home/network/DNSSECLoadTesting/dnssecserver/setup/dnsperf-src-2.0.0.0-1/conftest.c:15: undefined reference to `pthread_create'
/home/network/DNSSECLoadTesting/dnssecserver/setup/dnsperf-src-2.0.0.0-1/conftest.c:15: undefined reference to `__pthread_unregister_cancel'
collect2: error: ld returned 1 exit status
configure:3627: $? = 1
configure: failed program was:
| /* confdefs.h.  */
| #define PACKAGE_NAME ""
| #define PACKAGE_TARNAME ""
| #define PACKAGE_VERSION ""
| #define PACKAGE_STRING ""
| #define PACKAGE_BUGREPORT ""
| #define HAVE_LIBNSL 1
| /* end confdefs.h.  */
| #include <pthread.h>
| int
| main ()
| {
| pthread_t th; pthread_join(th, 0);
|                      pthread_attr_init(0); pthread_cleanup_push(0, 0);
|                      pthread_create(0,0,0,0); pthread_cleanup_pop(0);
|   ;
|   return 0;
| }
configure:3650: result: no
configure:3527: checking whether pthreads work with -Kthread
configure:3620: gcc -o conftest -g -O2 -Kthread   conftest.c  -lnsl  >&5
gcc: error: unrecognized command line option '-Kthread'
configure:3627: $? = 1
configure: failed program was:
| /* confdefs.h.  */
| #define PACKAGE_NAME ""
| #define PACKAGE_TARNAME ""
| #define PACKAGE_VERSION ""
| #define PACKAGE_STRING ""
| #define PACKAGE_BUGREPORT ""
| #define HAVE_LIBNSL 1
| /* end confdefs.h.  */
| #include <pthread.h>
| int
| main ()
| {
| pthread_t th; pthread_join(th, 0);
|                      pthread_attr_init(0); pthread_cleanup_push(0, 0);
|                      pthread_create(0,0,0,0); pthread_cleanup_pop(0);
|   ;
|   return 0;
| }
configure:3650: result: no
configure:3527: checking whether pthreads work with -kthread
configure:3620: gcc -o conftest -g -O2 -kthread   conftest.c  -lnsl  >&5
gcc: error: unrecognized command line option '-kthread'
configure:3627: $? = 1
configure: failed program was:
| /* confdefs.h.  */
| #define PACKAGE_NAME ""
| #define PACKAGE_TARNAME ""
| #define PACKAGE_VERSION ""
| #define PACKAGE_STRING ""
| #define PACKAGE_BUGREPORT ""
| #define HAVE_LIBNSL 1
| /* end confdefs.h.  */
| #include <pthread.h>
| int
| main ()
| {
| pthread_t th; pthread_join(th, 0);
|                      pthread_attr_init(0); pthread_cleanup_push(0, 0);
|                      pthread_create(0,0,0,0); pthread_cleanup_pop(0);
|   ;
|   return 0;
| }
configure:3650: result: no
configure:3577: checking for the pthreads library -llthread
configure:3620: gcc -o conftest -g -O2    conftest.c -llthread -lnsl  >&5
conftest.c: In function 'main':
conftest.c:14:22: warning: null argument where non-null required (argument 1) [-Wnonnull]
                      pthread_attr_init(0); pthread_cleanup_push(0, 0);
                      ^
conftest.c:15:22: warning: null argument where non-null required (argument 1) [-Wnonnull]
                      pthread_create(0,0,0,0); pthread_cleanup_pop(0);
                      ^
conftest.c:15:22: warning: null argument where non-null required (argument 3) [-Wnonnull]
/usr/bin/ld: cannot find -llthread
collect2: error: ld returned 1 exit status
configure:3627: $? = 1
configure: failed program was:
| /* confdefs.h.  */
| #define PACKAGE_NAME ""
| #define PACKAGE_TARNAME ""
| #define PACKAGE_VERSION ""
| #define PACKAGE_STRING ""
| #define PACKAGE_BUGREPORT ""
| #define HAVE_LIBNSL 1
| /* end confdefs.h.  */
| #include <pthread.h>
| int
| main ()
| {
| pthread_t th; pthread_join(th, 0);
|                      pthread_attr_init(0); pthread_cleanup_push(0, 0);
|                      pthread_create(0,0,0,0); pthread_cleanup_pop(0);
|   ;
|   return 0;
| }
configure:3650: result: no
configure:3527: checking whether pthreads work with -pthread
configure:3620: gcc -o conftest -g -O2 -pthread   conftest.c  -lnsl  >&5
conftest.c: In function 'main':
conftest.c:14:22: warning: null argument where non-null required (argument 1) [-Wnonnull]
                      pthread_attr_init(0); pthread_cleanup_push(0, 0);
                      ^
conftest.c:15:22: warning: null argument where non-null required (argument 1) [-Wnonnull]
                      pthread_create(0,0,0,0); pthread_cleanup_pop(0);
                      ^
conftest.c:15:22: warning: null argument where non-null required (argument 3) [-Wnonnull]
configure:3627: $? = 0
configure:3650: result: yes
configure:3669: checking for joinable pthread attribute
configure:3694: gcc -o conftest -g -O2 -pthread   conftest.c  -lnsl  >&5
configure:3701: $? = 0
configure:3721: result: PTHREAD_CREATE_JOINABLE
configure:3731: checking if more special flags are required for pthreads
configure:3738: result: no
configure:3963: creating ./config.status

## ---------------------- ##
## Running config.status. ##
## ---------------------- ##

This file was extended by config.status, which was
generated by GNU Autoconf 2.63.  Invocation command line was

  CONFIG_FILES    = 
  CONFIG_HEADERS  = 
  CONFIG_LINKS    = 
  CONFIG_COMMANDS = 
  $ ./config.status 

on ubuntu

config.status:660: creating Makefile

## ---------------- ##
## Cache variables. ##
## ---------------- ##

ac_cv_build=x86_64-unknown-linux-gnu
ac_cv_c_compiler_gnu=yes
ac_cv_c_inline=inline
ac_cv_env_CC_set=
ac_cv_env_CC_value=
ac_cv_env_CFLAGS_set=
ac_cv_env_CFLAGS_value=
ac_cv_env_CPPFLAGS_set=
ac_cv_env_CPPFLAGS_value=
ac_cv_env_LDFLAGS_set=
ac_cv_env_LDFLAGS_value=
ac_cv_env_LIBS_set=
ac_cv_env_LIBS_value=
ac_cv_env_build_alias_set=
ac_cv_env_build_alias_value=
ac_cv_env_host_alias_set=
ac_cv_env_host_alias_value=
ac_cv_env_target_alias_set=
ac_cv_env_target_alias_value=
ac_cv_host=x86_64-unknown-linux-gnu
ac_cv_isc_config=/usr/bin/isc-config.sh
ac_cv_lib_nsl_inet_ntoa=yes
ac_cv_lib_socket_socket=no
ac_cv_objext=o
ac_cv_path_ac_cv_isc_config=/usr/bin/isc-config.sh
ac_cv_path_install='/usr/bin/install -c'
ac_cv_prog_ac_ct_CC=gcc
ac_cv_prog_ac_ct_RANLIB=ranlib
ac_cv_prog_cc_c89=
ac_cv_prog_cc_g=yes
ac_cv_sa_len=no
ac_cv_type_socklen_t=yes

## ----------------- ##
## Output variables. ##
## ----------------- ##

CC='gcc'
CFLAGS='-g -O2'
CPPFLAGS=''
DEFS='-DPACKAGE_NAME=\"\" -DPACKAGE_TARNAME=\"\" -DPACKAGE_VERSION=\"\" -DPACKAGE_STRING=\"\" -DPACKAGE_BUGREPORT=\"\" -DHAVE_LIBNSL=1 -DHAVE_PTHREAD=1'
DNSCFLAGS='-I/usr/include -D_REENTRANT -D_LARGEFILE_SOURCE -D_FILE_OFFSET_BITS=64 -D_GNU_SOURCE'
DNSLIBS='-L/usr/lib -lbind9 -ldns -lgssapi_krb5 -lkrb5 -lk5crypto -lcom_err -lcrypto -lisccfg -lisc -ldl -lcap -lpthread -lxml2'
ECHO_C=''
ECHO_N='-n'
ECHO_T=''
EXEEXT=''
INSTALL_DATA='${INSTALL} -m 644'
INSTALL_PROGRAM='${INSTALL}'
INSTALL_SCRIPT='${INSTALL}'
LDFLAGS=''
LIBOBJS=''
LIBS='-lnsl '
LTLIBOBJS=''
OBJEXT='o'
PACKAGE_BUGREPORT=''
PACKAGE_NAME=''
PACKAGE_STRING=''
PACKAGE_TARNAME=''
PACKAGE_VERSION=''
PATH_SEPARATOR=':'
PTHREAD_CC='gcc'
PTHREAD_CFLAGS='-pthread'
PTHREAD_LIBS=''
RANLIB='ranlib'
SHELL='/bin/bash'
ac_ct_CC='gcc'
ac_cv_isc_config='/usr/bin/isc-config.sh'
acx_pthread_config=''
bindir='${exec_prefix}/bin'
build='x86_64-unknown-linux-gnu'
build_alias=''
build_cpu='x86_64'
build_os='linux-gnu'
build_vendor='unknown'
datadir='${datarootdir}'
datarootdir='${prefix}/share'
docdir='${datarootdir}/doc/${PACKAGE}'
dvidir='${docdir}'
exec_prefix='${prefix}'
host='x86_64-unknown-linux-gnu'
host_alias=''
host_cpu='x86_64'
host_os='linux-gnu'
host_vendor='unknown'
htmldir='${docdir}'
includedir='${prefix}/include'
infodir='${datarootdir}/info'
libdir='${exec_prefix}/lib'
libexecdir='${exec_prefix}/libexec'
localedir='${datarootdir}/locale'
localstatedir='${prefix}/var'
mandir='${datarootdir}/man'
oldincludedir='/usr/include'
pdfdir='${docdir}'
prefix='/usr/local'
program_transform_name='s,x,x,'
psdir='${docdir}'
sbindir='${exec_prefix}/sbin'
sharedstatedir='${prefix}/com'
sysconfdir='${prefix}/etc'
target_alias=''

## ----------- ##
## confdefs.h. ##
## ----------- ##

#define PACKAGE_NAME ""
#define PACKAGE_TARNAME ""
#define PACKAGE_VERSION ""
#define PACKAGE_STRING ""
#define PACKAGE_BUGREPORT ""
#define HAVE_LIBNSL 1
#define HAVE_PTHREAD 1

configure: exit 0
